2008-05-21 20:25:48 Warning: Warning (2): Cannot modify header information - headers already sent by (output started at C:\wamp\www\data-access\app\controllers\books_controller.php:51) in [CORE\cake\libs\controller\controller.php, line 546]
2008-05-21 21:19:34 Warning: Warning (2): Cannot modify header information - headers already sent by (output started at C:\wamp\www\data-access\app\controllers\books_controller.php:51) in [CORE\cake\libs\controller\controller.php, line 546]
2008-05-21 21:41:42 Warning: Warning (2): Cannot modify header information - headers already sent by (output started at C:\wamp\www\data-access\app\controllers\books_controller.php:49) in [CORE\cake\libs\controller\controller.php, line 546]
2008-05-21 21:54:21 Warning: Warning (2): Cannot modify header information - headers already sent by (output started at C:\wamp\www\data-access\app\controllers\books_controller.php:49) in [CORE\cake\libs\controller\controller.php, line 546]
2008-05-22 06:42:22 Warning: Warning (512): <span style = "color:Red;text-align:left"><b>SQL Error:</b> 1064: You have an error in your SQL syntax; check the manual that corresponds to your MySQL server version for the right syntax to use near 'setStar' at line 1</span> in [CORE\cake\libs\model\datasources\dbo_source.php, line 440]
2008-05-22 06:42:23 Warning: Warning (512): <span style = "color:Red;text-align:left"><b>SQL Error:</b> 1064: You have an error in your SQL syntax; check the manual that corresponds to your MySQL server version for the right syntax to use near 'setStar' at line 1</span> in [CORE\cake\libs\model\datasources\dbo_source.php, line 440]
2008-05-22 06:43:32 Warning: Warning (512): <span style = "color:Red;text-align:left"><b>SQL Error:</b> 1064: You have an error in your SQL syntax; check the manual that corresponds to your MySQL server version for the right syntax to use near 'setStar' at line 1</span> in [CORE\cake\libs\model\datasources\dbo_source.php, line 440]
2008-05-22 06:44:17 Warning: Warning (512): <span style = "color:Red;text-align:left"><b>SQL Error:</b> 1064: You have an error in your SQL syntax; check the manual that corresponds to your MySQL server version for the right syntax to use near 'setStar' at line 1</span> in [CORE\cake\libs\model\datasources\dbo_source.php, line 440]
2008-05-22 06:44:38 Warning: Warning (512): <span style = "color:Red;text-align:left"><b>SQL Error:</b> 1064: You have an error in your SQL syntax; check the manual that corresponds to your MySQL server version for the right syntax to use near 'set_star' at line 1</span> in [CORE\cake\libs\model\datasources\dbo_source.php, line 440]
2008-05-22 06:45:09 Warning: Warning (512): <span style = "color:Red;text-align:left"><b>SQL Error:</b> 1064: You have an error in your SQL syntax; check the manual that corresponds to your MySQL server version for the right syntax to use near 'setStar' at line 1</span> in [CORE\cake\libs\model\datasources\dbo_source.php, line 440]
2008-05-22 06:46:17 Warning: Warning (512): <span style = "color:Red;text-align:left"><b>SQL Error:</b> 1064: You have an error in your SQL syntax; check the manual that corresponds to your MySQL server version for the right syntax to use near 'setStar' at line 1</span> in [CORE\cake\libs\model\datasources\dbo_source.php, line 440]
2008-05-22 06:46:18 Warning: Warning (512): <span style = "color:Red;text-align:left"><b>SQL Error:</b> 1064: You have an error in your SQL syntax; check the manual that corresponds to your MySQL server version for the right syntax to use near 'setStar' at line 1</span> in [CORE\cake\libs\model\datasources\dbo_source.php, line 440]
2008-05-22 06:46:19 Warning: Warning (512): <span style = "color:Red;text-align:left"><b>SQL Error:</b> 1064: You have an error in your SQL syntax; check the manual that corresponds to your MySQL server version for the right syntax to use near 'setStar' at line 1</span> in [CORE\cake\libs\model\datasources\dbo_source.php, line 440]
2008-05-22 06:46:20 Warning: Warning (512): <span style = "color:Red;text-align:left"><b>SQL Error:</b> 1064: You have an error in your SQL syntax; check the manual that corresponds to your MySQL server version for the right syntax to use near 'setStar' at line 1</span> in [CORE\cake\libs\model\datasources\dbo_source.php, line 440]
2008-05-22 06:46:21 Warning: Warning (512): <span style = "color:Red;text-align:left"><b>SQL Error:</b> 1064: You have an error in your SQL syntax; check the manual that corresponds to your MySQL server version for the right syntax to use near 'setStar' at line 1</span> in [CORE\cake\libs\model\datasources\dbo_source.php, line 440]
2008-05-22 06:46:26 Warning: Warning (512): <span style = "color:Red;text-align:left"><b>SQL Error:</b> 1064: You have an error in your SQL syntax; check the manual that corresponds to your MySQL server version for the right syntax to use near 'setStar' at line 1</span> in [CORE\cake\libs\model\datasources\dbo_source.php, line 440]
2008-05-22 06:46:27 Warning: Warning (512): <span style = "color:Red;text-align:left"><b>SQL Error:</b> 1064: You have an error in your SQL syntax; check the manual that corresponds to your MySQL server version for the right syntax to use near 'setStar' at line 1</span> in [CORE\cake\libs\model\datasources\dbo_source.php, line 440]
2008-05-22 06:47:48 Warning: Warning (512): <span style = "color:Red;text-align:left"><b>SQL Error:</b> 1064: You have an error in your SQL syntax; check the manual that corresponds to your MySQL server version for the right syntax to use near 'setStar' at line 1</span> in [CORE\cake\libs\model\datasources\dbo_source.php, line 440]
2008-05-22 06:48:27 Warning: Warning (512): <span style = "color:Red;text-align:left"><b>SQL Error:</b> 1064: You have an error in your SQL syntax; check the manual that corresponds to your MySQL server version for the right syntax to use near 'a' at line 1</span> in [CORE\cake\libs\model\datasources\dbo_source.php, line 440]
2008-05-22 06:48:37 Warning: Warning (512): <span style = "color:Red;text-align:left"><b>SQL Error:</b> 1064: You have an error in your SQL syntax; check the manual that corresponds to your MySQL server version for the right syntax to use near 'setStar' at line 1</span> in [CORE\cake\libs\model\datasources\dbo_source.php, line 440]
2008-05-22 06:48:46 Warning: Warning (512): <span style = "color:Red;text-align:left"><b>SQL Error:</b> 1064: You have an error in your SQL syntax; check the manual that corresponds to your MySQL server version for the right syntax to use near 'setStar' at line 1</span> in [CORE\cake\libs\model\datasources\dbo_source.php, line 440]
2008-05-22 06:49:14 Warning: Warning (512): <span style = "color:Red;text-align:left"><b>SQL Error:</b> 1064: You have an error in your SQL syntax; check the manual that corresponds to your MySQL server version for the right syntax to use near 'setStar' at line 1</span> in [CORE\cake\libs\model\datasources\dbo_source.php, line 440]
2008-05-22 06:49:16 Warning: Warning (512): <span style = "color:Red;text-align:left"><b>SQL Error:</b> 1064: You have an error in your SQL syntax; check the manual that corresponds to your MySQL server version for the right syntax to use near 'setStar' at line 1</span> in [CORE\cake\libs\model\datasources\dbo_source.php, line 440]
2008-05-22 06:49:25 Warning: Warning (512): <span style = "color:Red;text-align:left"><b>SQL Error:</b> 1064: You have an error in your SQL syntax; check the manual that corresponds to your MySQL server version for the right syntax to use near 'setStar' at line 1</span> in [CORE\cake\libs\model\datasources\dbo_source.php, line 440]
2008-05-22 11:23:52 Warning: Warning (512): <span style = "color:Red;text-align:left"><b>SQL Error:</b> 1064: You have an error in your SQL syntax; check the manual that corresponds to your MySQL server version for the right syntax to use near 'test' at line 1</span> in [CORE\cake\libs\model\datasources\dbo_source.php, line 440]
2008-05-22 14:35:33 Warning: Warning (2): preg_match() [<a href='http://php.net/function.preg-match'>function.preg-match</a>]: Delimiter must not be alphanumeric or backslash in [CORE\cake\libs\model\model.php, line 2113]
2008-05-22 14:35:33 Warning: Warning (2): Cannot modify header information - headers already sent by (output started at C:\wamp\www\data-access\cake\basics.php:194) in [CORE\cake\libs\controller\controller.php, line 546]
2008-05-22 14:49:47 Warning: Warning (2): preg_match() [<a href='http://php.net/function.preg-match'>function.preg-match</a>]: Delimiter must not be alphanumeric or backslash in [CORE\cake\libs\model\model.php, line 2113]
2008-05-22 14:49:47 Warning: Warning (2): Cannot modify header information - headers already sent by (output started at C:\wamp\www\data-access\cake\basics.php:194) in [CORE\cake\libs\controller\controller.php, line 546]
2008-05-22 14:50:04 Warning: Warning (2): preg_match() [<a href='http://php.net/function.preg-match'>function.preg-match</a>]: Delimiter must not be alphanumeric or backslash in [CORE\cake\libs\model\model.php, line 2113]
2008-05-22 14:50:04 Warning: Warning (2): Cannot modify header information - headers already sent by (output started at C:\wamp\www\data-access\cake\basics.php:194) in [CORE\cake\libs\controller\controller.php, line 546]
2008-05-22 14:50:08 Warning: Warning (2): preg_match() [<a href='http://php.net/function.preg-match'>function.preg-match</a>]: Delimiter must not be alphanumeric or backslash in [CORE\cake\libs\model\model.php, line 2113]
2008-05-22 14:50:08 Warning: Warning (2): Cannot modify header information - headers already sent by (output started at C:\wamp\www\data-access\cake\basics.php:194) in [CORE\cake\libs\controller\controller.php, line 546]
2008-05-22 14:57:48 Warning: Warning (2): preg_match() [<a href='http://php.net/function.preg-match'>function.preg-match</a>]: Delimiter must not be alphanumeric or backslash in [CORE\cake\libs\model\model.php, line 2113]
2008-05-22 14:57:48 Warning: Warning (2): Cannot modify header information - headers already sent by (output started at C:\wamp\www\data-access\cake\basics.php:194) in [CORE\cake\libs\controller\controller.php, line 546]
2008-05-22 15:06:44 Warning: Warning (2): Cannot modify header information - headers already sent by (output started at C:\wamp\www\data-access\cake\basics.php:194) in [CORE\cake\libs\controller\controller.php, line 546]
2008-05-22 15:07:22 Warning: Warning (2): Cannot modify header information - headers already sent by (output started at C:\wamp\www\data-access\cake\basics.php:194) in [CORE\cake\libs\controller\controller.php, line 546]
2008-05-22 15:07:36 Warning: Warning (2): Cannot modify header information - headers already sent by (output started at C:\wamp\www\data-access\cake\basics.php:194) in [CORE\cake\libs\controller\controller.php, line 546]
2008-05-22 15:12:48 Warning: Warning (2): preg_match() [<a href='http://php.net/function.preg-match'>function.preg-match</a>]: Delimiter must not be alphanumeric or backslash in [CORE\cake\libs\model\model.php, line 2113]
2008-05-22 15:12:53 Warning: Warning (2): preg_match() [<a href='http://php.net/function.preg-match'>function.preg-match</a>]: Delimiter must not be alphanumeric or backslash in [CORE\cake\libs\model\model.php, line 2113]
2008-05-23 21:14:44 Warning: Warning (2): preg_match() [<a href='http://php.net/function.preg-match'>function.preg-match</a>]: Delimiter must not be alphanumeric or backslash in [CORE\cake\libs\model\model.php, line 2113]
2008-05-23 21:15:22 Warning: Warning (2): preg_match() [<a href='http://php.net/function.preg-match'>function.preg-match</a>]: Delimiter must not be alphanumeric or backslash in [CORE\cake\libs\model\model.php, line 2113]
2008-05-25 13:17:15 Warning: Warning (512): <span style = "color:Red;text-align:left"><b>SQL Error:</b> 1064: You have an error in your SQL syntax; check the manual that corresponds to your MySQL server version for the right syntax to use near 'LIKE %CakePHP%) OR (LIKE %Drupal%))' at line 1</span> in [CORE\cake\libs\model\datasources\dbo_source.php, line 440]
2008-05-25 15:28:47 Warning: Warning (512): <span style = "color:Red;text-align:left"><b>SQL Error:</b> 1064: You have an error in your SQL syntax; check the manual that corresponds to your MySQL server version for the right syntax to use near 'LIKE %CakePHP%) OR (LIKE %Drupal%))' at line 1</span> in [CORE\cake\libs\model\datasources\dbo_source.php, line 440]
2008-05-25 15:45:12 Warning: Warning (512): <span style = "color:Red;text-align:left"><b>SQL Error:</b> 1064: You have an error in your SQL syntax; check the manual that corresponds to your MySQL server version for the right syntax to use near 'Mercer AND William Rice AND James Kennard' at line 1</span> in [CORE\cake\libs\model\datasources\dbo_source.php, line 440]
2008-05-25 15:46:40 Warning: Warning (512): <span style = "color:Red;text-align:left"><b>SQL Error:</b> 1054: Unknown column 'Book.author' in 'where clause'</span> in [CORE\cake\libs\model\datasources\dbo_source.php, line 440]
2008-05-25 17:04:58 Warning: Warning (512): <span style = "color:Red;text-align:left"><b>SQL Error:</b> 1064: You have an error in your SQL syntax; check the manual that corresponds to your MySQL server version for the right syntax to use near 'Syam) OR (Ahsanul Bari))' at line 1</span> in [CORE\cake\libs\model\datasources\dbo_source.php, line 440]
2008-05-25 17:05:30 Warning: Warning (512): <span style = "color:Red;text-align:left"><b>SQL Error:</b> 1064: You have an error in your SQL syntax; check the manual that corresponds to your MySQL server version for the right syntax to use near 'Syam) OR (Ahsanul Bari))' at line 1</span> in [CORE\cake\libs\model\datasources\dbo_source.php, line 440]
2008-05-25 18:55:04 Warning: Warning (2): preg_match() [<a href='http://php.net/function.preg-match'>function.preg-match</a>]: No ending delimiter '/' found in [CORE\cake\libs\validation.php, line 774]
2008-05-25 18:55:04 Warning: Warning (2): preg_match() [<a href='http://php.net/function.preg-match'>function.preg-match</a>]: Delimiter must not be alphanumeric or backslash in [CORE\cake\libs\model\model.php, line 2113]
2008-05-25 18:55:18 Warning: Warning (2): preg_match() [<a href='http://php.net/function.preg-match'>function.preg-match</a>]: Delimiter must not be alphanumeric or backslash in [CORE\cake\libs\model\model.php, line 2113]
2008-05-25 18:55:48 Warning: Warning (2): preg_match() [<a href='http://php.net/function.preg-match'>function.preg-match</a>]: Delimiter must not be alphanumeric or backslash in [CORE\cake\libs\model\model.php, line 2113]
2008-05-25 18:56:05 Warning: Warning (2): preg_match() [<a href='http://php.net/function.preg-match'>function.preg-match</a>]: Delimiter must not be alphanumeric or backslash in [CORE\cake\libs\model\model.php, line 2113]
2008-05-25 18:56:35 Warning: Warning (2): preg_match() [<a href='http://php.net/function.preg-match'>function.preg-match</a>]: Delimiter must not be alphanumeric or backslash in [CORE\cake\libs\model\model.php, line 2113]
2008-05-25 18:56:52 Warning: Warning (2): preg_match() [<a href='http://php.net/function.preg-match'>function.preg-match</a>]: Delimiter must not be alphanumeric or backslash in [CORE\cake\libs\model\model.php, line 2113]
2008-05-25 18:57:34 Warning: Warning (2): preg_match() [<a href='http://php.net/function.preg-match'>function.preg-match</a>]: Delimiter must not be alphanumeric or backslash in [CORE\cake\libs\model\model.php, line 2113]
2008-05-25 18:58:07 Warning: Warning (2): preg_match() [<a href='http://php.net/function.preg-match'>function.preg-match</a>]: Delimiter must not be alphanumeric or backslash in [CORE\cake\libs\model\model.php, line 2113]
2008-05-25 18:58:24 Warning: Warning (2): preg_match() [<a href='http://php.net/function.preg-match'>function.preg-match</a>]: Delimiter must not be alphanumeric or backslash in [CORE\cake\libs\model\model.php, line 2113]
2008-05-25 18:58:49 Warning: Warning (2): preg_match() [<a href='http://php.net/function.preg-match'>function.preg-match</a>]: Delimiter must not be alphanumeric or backslash in [CORE\cake\libs\model\model.php, line 2113]
2008-05-25 18:59:29 Warning: Warning (2): preg_match() [<a href='http://php.net/function.preg-match'>function.preg-match</a>]: Delimiter must not be alphanumeric or backslash in [CORE\cake\libs\model\model.php, line 2113]
2008-05-25 18:59:55 Warning: Warning (2): preg_match() [<a href='http://php.net/function.preg-match'>function.preg-match</a>]: Delimiter must not be alphanumeric or backslash in [CORE\cake\libs\model\model.php, line 2113]
2008-05-25 19:00:17 Warning: Warning (2): preg_match() [<a href='http://php.net/function.preg-match'>function.preg-match</a>]: Delimiter must not be alphanumeric or backslash in [CORE\cake\libs\model\model.php, line 2113]
2008-05-25 19:00:33 Warning: Warning (2): preg_match() [<a href='http://php.net/function.preg-match'>function.preg-match</a>]: Delimiter must not be alphanumeric or backslash in [CORE\cake\libs\model\model.php, line 2113]
2008-05-25 19:00:40 Warning: Warning (2): preg_match() [<a href='http://php.net/function.preg-match'>function.preg-match</a>]: Delimiter must not be alphanumeric or backslash in [CORE\cake\libs\model\model.php, line 2113]
2008-05-25 19:01:04 Warning: Warning (2): preg_match() [<a href='http://php.net/function.preg-match'>function.preg-match</a>]: Delimiter must not be alphanumeric or backslash in [CORE\cake\libs\model\model.php, line 2113]
2008-05-25 19:01:22 Warning: Warning (2): preg_match() [<a href='http://php.net/function.preg-match'>function.preg-match</a>]: Delimiter must not be alphanumeric or backslash in [CORE\cake\libs\model\model.php, line 2113]
2008-05-25 19:01:32 Warning: Warning (2): preg_match() [<a href='http://php.net/function.preg-match'>function.preg-match</a>]: Delimiter must not be alphanumeric or backslash in [CORE\cake\libs\model\model.php, line 2113]
2008-05-25 19:01:34 Warning: Warning (2): preg_match() [<a href='http://php.net/function.preg-match'>function.preg-match</a>]: Delimiter must not be alphanumeric or backslash in [CORE\cake\libs\model\model.php, line 2113]
2008-05-25 19:01:38 Warning: Warning (2): preg_match() [<a href='http://php.net/function.preg-match'>function.preg-match</a>]: Delimiter must not be alphanumeric or backslash in [CORE\cake\libs\model\model.php, line 2113]
2008-05-25 19:01:48 Warning: Warning (2): preg_match() [<a href='http://php.net/function.preg-match'>function.preg-match</a>]: Delimiter must not be alphanumeric or backslash in [CORE\cake\libs\model\model.php, line 2113]
2008-05-25 19:02:03 Warning: Warning (2): preg_match() [<a href='http://php.net/function.preg-match'>function.preg-match</a>]: Delimiter must not be alphanumeric or backslash in [CORE\cake\libs\model\model.php, line 2113]
2008-05-25 19:02:26 Warning: Warning (2): preg_match() [<a href='http://php.net/function.preg-match'>function.preg-match</a>]: Delimiter must not be alphanumeric or backslash in [CORE\cake\libs\model\model.php, line 2113]
2008-05-25 19:02:31 Warning: Warning (2): preg_match() [<a href='http://php.net/function.preg-match'>function.preg-match</a>]: Delimiter must not be alphanumeric or backslash in [CORE\cake\libs\model\model.php, line 2113]
2008-05-25 19:03:32 Warning: Warning (2): preg_match() [<a href='http://php.net/function.preg-match'>function.preg-match</a>]: Delimiter must not be alphanumeric or backslash in [CORE\cake\libs\model\model.php, line 2113]
2008-05-25 19:04:12 Warning: Warning (2): preg_match() [<a href='http://php.net/function.preg-match'>function.preg-match</a>]: Delimiter must not be alphanumeric or backslash in [CORE\cake\libs\model\model.php, line 2113]
2008-05-25 19:04:52 Warning: Warning (2): preg_match() [<a href='http://php.net/function.preg-match'>function.preg-match</a>]: Delimiter must not be alphanumeric or backslash in [CORE\cake\libs\model\model.php, line 2113]
2008-05-25 19:05:42 Warning: Warning (2): preg_match() [<a href='http://php.net/function.preg-match'>function.preg-match</a>]: No ending delimiter '/' found in [CORE\cake\libs\validation.php, line 774]
2008-05-27 07:20:57 Warning: Warning (2): Division by zero in [APP\models\book.php, line 43]
