2007-11-03 18:33:28 Debug: Notice (8): Undefined variable: posts in [CORE\app\controllers\posts_controller.php, line 16]
2007-11-03 18:33:40 Debug: Notice (8): Undefined variable: posts in [CORE\app\controllers\posts_controller.php, line 16]
2007-11-03 20:45:37 Debug: Notice (8): Undefined offset:  0 in [CORE\cake\libs\model\datasources\dbo_source.php, line 1431]
2007-11-03 20:45:37 Debug: Notice (8): Undefined offset:  0 in [CORE\cake\libs\model\datasources\dbo_source.php, line 1433]
2007-11-03 20:45:37 Debug: Notice (8): Undefined offset:  0 in [CORE\cake\libs\model\datasources\dbo_source.php, line 1436]
2007-11-03 20:45:37 Debug: Notice (8): Undefined offset:  0 in [CORE\cake\libs\model\datasources\dbo_source.php, line 1440]
2007-11-03 20:45:37 Debug: Notice (8): Undefined offset:  0 in [CORE\cake\libs\model\datasources\dbo_source.php, line 1443]
2007-11-03 21:48:15 Debug: Notice (8): Undefined property:  PostsController::$Posts in [CORE\app\controllers\posts_controller.php, line 7]
2007-11-03 22:18:59 Debug: Notice (8): Undefined variable: posts in [CORE\app\views\posts\example.ctp, line 3]
2007-11-03 23:11:49 Debug: Notice (8): Undefined variable: posts in [CORE\app\controllers\posts_controller.php, line 8]
2007-11-04 00:26:51 Debug: Notice (8): Undefined variable: posts in [CORE\app\controllers\posts_controller.php, line 8]
2007-11-04 18:09:24 Debug: Notice (8): Undefined variable: post in [CORE\app\controllers\posts_controller.php, line 8]
2007-11-04 18:09:45 Debug: Notice (8): Undefined variable: post in [CORE\app\controllers\posts_controller.php, line 8]
2007-11-05 02:26:06 Debug: Notice (8): Undefined variable: post in [CORE\app\controllers\posts_controller.php, line 8]
2007-11-06 02:45:06 Debug: Notice (8): Use of undefined constant VALID_NOT_EMPTY - assumed 'VALID_NOT_EMPTY' in [CORE\cake\dispatcher.php, line 497]
2007-11-06 02:56:47 Debug: Notice (8): Use of undefined constant VALID_NOT_EMPTY - assumed 'VALID_NOT_EMPTY' in [CORE\cake\dispatcher.php, line 497]
2007-11-06 02:56:48 Debug: Notice (8): Use of undefined constant VALID_NOT_EMPTY - assumed 'VALID_NOT_EMPTY' in [CORE\cake\dispatcher.php, line 497]
2007-11-06 02:56:49 Debug: Notice (8): Use of undefined constant VALID_NOT_EMPTY - assumed 'VALID_NOT_EMPTY' in [CORE\cake\dispatcher.php, line 497]
2007-11-25 20:50:08 Debug: Notice (8): Undefined variable: book in [CORE\app\views\authors\index.ctp, line 7]
2007-11-25 20:50:08 Debug: Notice (8): Undefined variable: book in [CORE\app\views\authors\index.ctp, line 8]
2007-11-25 20:50:08 Debug: Notice (8): Undefined variable: book in [CORE\app\views\authors\index.ctp, line 9]
2007-11-25 20:50:46 Debug: Notice (8): Undefined variable: book in [CORE\app\views\authors\index.ctp, line 8]
2007-11-25 20:50:46 Debug: Notice (8): Undefined variable: book in [CORE\app\views\authors\index.ctp, line 9]
