2007-10-29 05:35:01 Warning: Warning (512): <span style = "color:Red;text-align:left"><b>SQL Error:</b> 1064: You have an error in your SQL syntax; check the manual that corresponds to your MySQL server version for the right syntax to use near '%  ORDER BY `id` DESC  LIMIT 2' at line 1</span> in [CORE\cake\libs\model\datasources\dbo_source.php, line 440]
2007-11-03 20:42:08 Warning: Warning (512): <span style = "color:Red;text-align:left"><b>SQL Error:</b> 1054: Unknown column 'Post.all_by_id' in 'where clause'</span> in [CORE\cake\libs\model\datasources\dbo_source.php, line 440]
2007-11-03 20:44:50 Warning: Warning (512): <span style = "color:Red;text-align:left"><b>SQL Error:</b> 1054: Unknown column 'Post.1' in 'field list'</span> in [CORE\cake\libs\model\datasources\dbo_source.php, line 440]
2007-11-03 20:45:37 Warning: Warning (512): <span style = "color:Red;text-align:left"><b>SQL Error:</b> 1064: You have an error in your SQL syntax; check the manual that corresponds to your MySQL server version for the right syntax to use near 'FROM `posts` AS `Post`   WHERE `Post`.`id` =  1' at line 1</span> in [CORE\cake\libs\model\datasources\dbo_source.php, line 440]
2007-11-03 20:45:47 Warning: Warning (512): <span style = "color:Red;text-align:left"><b>SQL Error:</b> 1054: Unknown column 'Post.2' in 'field list'</span> in [CORE\cake\libs\model\datasources\dbo_source.php, line 440]
2007-11-03 20:46:35 Warning: Warning (512): <span style = "color:Red;text-align:left"><b>SQL Error:</b> 1054: Unknown column '3' in 'order clause'</span> in [CORE\cake\libs\model\datasources\dbo_source.php, line 440]
2007-11-03 21:48:30 Warning: Warning (512): <span style = "color:Red;text-align:left"><b>SQL Error:</b> 1054: Unknown column 'Post.post_id' in 'where clause'</span> in [CORE\cake\libs\model\datasources\dbo_source.php, line 440]
2007-11-04 00:26:51 Warning: Warning (512): <span style = "color:Red;text-align:left"><b>SQL Error:</b> 1054: Unknown column 'Post.2' in 'field list'</span> in [CORE\cake\libs\model\datasources\dbo_source.php, line 440]
2007-11-04 00:27:01 Warning: Warning (512): <span style = "color:Red;text-align:left"><b>SQL Error:</b> 1054: Unknown column 'Post.2' in 'field list'</span> in [CORE\cake\libs\model\datasources\dbo_source.php, line 440]
2007-11-04 00:27:22 Warning: Warning (512): <span style = "color:Red;text-align:left"><b>SQL Error:</b> 1054: Unknown column '3' in 'order clause'</span> in [CORE\cake\libs\model\datasources\dbo_source.php, line 440]
2007-11-15 13:58:46 Warning: Warning (2): Cannot modify header information - headers already sent by (output started at C:\wamp\www\bookstore\app\controllers\books_controller.php:9) in [CORE\cake\libs\controller\controller.php, line 503]
2007-11-25 20:44:16 Warning: Warning (512): <span style = "color:Red;text-align:left"><b>SQL Error:</b> 1054: Unknown column 'Book.title' in 'field list'</span> in [CORE\cake\libs\model\datasources\dbo_source.php, line 440]
2007-11-25 20:44:48 Warning: Warning (512): <span style = "color:Red;text-align:left"><b>SQL Error:</b> 1054: Unknown column 'Book.title' in 'field list'</span> in [CORE\cake\libs\model\datasources\dbo_source.php, line 440]
2007-11-25 20:45:16 Warning: Warning (512): <span style = "color:Red;text-align:left"><b>SQL Error:</b> 1054: Unknown column 'Book.title' in 'field list'</span> in [CORE\cake\libs\model\datasources\dbo_source.php, line 440]
2007-11-25 20:45:17 Warning: Warning (512): <span style = "color:Red;text-align:left"><b>SQL Error:</b> 1054: Unknown column 'Book.title' in 'field list'</span> in [CORE\cake\libs\model\datasources\dbo_source.php, line 440]
2007-11-25 20:45:47 Warning: Warning (512): <span style = "color:Red;text-align:left"><b>SQL Error:</b> 1054: Unknown column 'Book.title' in 'field list'</span> in [CORE\cake\libs\model\datasources\dbo_source.php, line 440]
2007-11-25 20:47:09 Warning: Warning (512): <span style = "color:Red;text-align:left"><b>SQL Error:</b> 1054: Unknown column 'Book.title' in 'field list'</span> in [CORE\cake\libs\model\datasources\dbo_source.php, line 440]
2007-11-26 11:33:42 Warning: Warning (512): <span style = "color:Red;text-align:left"><b>SQL Error:</b> 1054: Unknown column 'Author.name' in 'field list'</span> in [CORE\cake\libs\model\datasources\dbo_source.php, line 440]
2007-11-26 11:33:42 Warning: Warning (2): Invalid argument supplied for foreach() in [CORE\app\views\books\index.ctp, line 5]
2007-11-26 15:39:33 Warning: Warning (512): <span style = "color:Red;text-align:left"><b>SQL Error:</b> 1054: Unknown column 'Author.name' in 'field list'</span> in [CORE\cake\libs\model\datasources\dbo_source.php, line 440]
2007-11-26 15:39:33 Warning: Warning (2): Invalid argument supplied for foreach() in [CORE\app\views\books\index.ctp, line 5]
2007-11-26 15:39:34 Warning: Warning (512): <span style = "color:Red;text-align:left"><b>SQL Error:</b> 1054: Unknown column 'Author.name' in 'field list'</span> in [CORE\cake\libs\model\datasources\dbo_source.php, line 440]
2007-11-26 15:39:34 Warning: Warning (2): Invalid argument supplied for foreach() in [CORE\app\views\books\index.ctp, line 5]
2007-11-26 15:39:36 Warning: Warning (512): <span style = "color:Red;text-align:left"><b>SQL Error:</b> 1054: Unknown column 'Author.name' in 'field list'</span> in [CORE\cake\libs\model\datasources\dbo_source.php, line 440]
2007-11-26 15:39:36 Warning: Warning (2): Invalid argument supplied for foreach() in [CORE\app\views\books\index.ctp, line 5]
2008-06-02 05:44:13 Warning: Warning (512): <span style = "color:Red;text-align:left"><b>SQL Error:</b> 1054: Unknown column 'Author.nam' in 'field list'</span> in [CORE\cake\libs\model\datasources\dbo_source.php, line 440]
2008-06-02 05:44:32 Warning: Warning (512): <span style = "color:Red;text-align:left"><b>SQL Error:</b> 1054: Unknown column 'Author.nam' in 'field list'</span> in [CORE\cake\libs\model\datasources\dbo_source.php, line 440]
