2008-05-20 15:08:12 Debug: Notice (1024): Please change the value of 'Security.salt' in app/config/core.php to a salt value specific to your application in [CORE\cake\libs\debugger.php, line 535]
2008-05-20 15:16:05 Debug: Notice (8): Use of undefined constant author_name - assumed 'author_name' in [APP\views\books\index.ctp, line 9]
2008-05-20 16:11:52 Debug: Notice (1024): Please change the value of 'Security.salt' in app/config/core.php to a salt value specific to your application in [CORE\cake\libs\debugger.php, line 535]
2008-05-20 18:22:48 Debug: Notice (1024): Please change the value of 'Security.salt' in app/config/core.php to a salt value specific to your application in [CORE\cake\libs\debugger.php, line 535]
2008-05-21 16:16:38 Debug: Notice (1024): Please change the value of 'Security.salt' in app/config/core.php to a salt value specific to your application in [CORE\cake\libs\debugger.php, line 535]
2008-05-21 20:23:42 Debug: Notice (1024): Please change the value of 'Security.salt' in app/config/core.php to a salt value specific to your application in [CORE\cake\libs\debugger.php, line 535]
2008-05-22 06:41:19 Debug: Notice (8): Undefined index:  star in [APP\views\books\index.ctp, line 10]
2008-05-22 15:06:44 Debug: Notice (8): Undefined offset:  0 in [CORE\cake\libs\model\model.php, line 2095]
2008-05-22 15:07:22 Debug: Notice (8): Undefined offset:  0 in [CORE\cake\libs\model\model.php, line 2095]
2008-05-22 15:07:36 Debug: Notice (8): Undefined offset:  0 in [CORE\cake\libs\model\model.php, line 2095]
2008-05-24 06:55:07 Debug: Notice (8): Undefined index:  starred in [APP\views\books\index.ctp, line 10]
2008-05-24 06:55:51 Debug: Notice (8): Use of undefined constant ‘author_name - assumed '‘author_name' in [APP\views\books\index.ctp, line 9]
2008-05-24 06:55:51 Debug: Notice (8): Undefined index:  ‘author_name in [APP\views\books\index.ctp, line 9]
2008-05-26 15:56:28 Debug: Notice (8): Undefined variable: book in [APP\controllers\books_controller.php, line 65]
2008-05-26 21:08:32 Debug: Notice (8): Undefined index:  starred in [APP\views\books\index.ctp, line 10]
2008-05-26 21:08:53 Debug: Notice (8): Undefined index:  starred in [APP\views\books\index.ctp, line 10]
2008-05-26 21:08:56 Debug: Notice (8): Undefined index:  starred in [APP\views\books\index.ctp, line 10]
2008-05-27 03:51:22 Debug: Notice (8): Use of undefined constant length - assumed 'length' in [APP\models\book.php, line 37]
2008-05-27 04:05:43 Debug: Notice (8): Undefined index:  starred in [APP\views\books\index.ctp, line 10]
2008-05-27 04:16:44 Debug: Notice (8): Undefined variable: valid in [APP\models\book.php, line 47]
2008-05-27 05:32:38 Debug: Notice (8): Undefined index:  starred in [APP\views\books\index.ctp, line 10]
2008-05-27 05:38:41 Debug: Notice (8): Undefined index:  starred in [APP\views\books\index.ctp, line 10]
2008-05-27 05:39:19 Debug: Notice (8): Use of undefined constant ‘author_name - assumed '‘author_name' in [APP\views\books\index.ctp, line 9]
2008-05-27 05:39:19 Debug: Notice (8): Undefined index:  ‘author_name in [APP\views\books\index.ctp, line 9]
2008-05-27 06:19:45 Debug: Notice (8): Undefined index:  id in [APP\views\books\index.ctp, line 10]
2008-05-27 06:21:15 Debug: Notice (8): Undefined index:  id in [APP\views\books\index.ctp, line 10]
2008-05-27 06:21:16 Debug: Notice (8): Undefined index:  id in [APP\views\books\index.ctp, line 10]
2008-05-27 06:21:17 Debug: Notice (8): Undefined index:  id in [APP\views\books\index.ctp, line 10]
2008-05-27 06:21:37 Debug: Notice (8): Undefined index:  id in [APP\views\books\index.ctp, line 10]
2008-05-27 06:21:38 Debug: Notice (8): Undefined index:  id in [APP\views\books\index.ctp, line 10]
2008-05-27 06:21:39 Debug: Notice (8): Undefined index:  id in [APP\views\books\index.ctp, line 10]
2008-05-27 06:21:40 Debug: Notice (8): Undefined index:  id in [APP\views\books\index.ctp, line 10]
2008-05-27 06:21:41 Debug: Notice (8): Undefined index:  id in [APP\views\books\index.ctp, line 10]
2008-05-27 06:21:42 Debug: Notice (8): Undefined index:  id in [APP\views\books\index.ctp, line 10]
2008-05-27 06:21:47 Debug: Notice (8): Undefined index:  id in [APP\views\books\index.ctp, line 10]
2008-05-27 06:22:18 Debug: Notice (8): Undefined index:  id in [APP\views\books\index.ctp, line 10]
2008-05-27 06:45:55 Debug: Notice (8): Undefined index:  starred in [APP\views\books\index.ctp, line 10]
2008-05-27 07:20:57 Debug: Notice (8): Use of undefined constant i - assumed 'i' in [APP\models\book.php, line 43]
2008-06-04 18:50:09 Debug: Notice (1024): Please change the value of 'Security.salt' in app/config/core.php to a salt value specific to your application in [CORE\cake\libs\debugger.php, line 535]
2008-06-04 18:51:03 Debug: Notice (1024): Please change the value of 'Security.salt' in app/config/core.php to a salt value specific to your application in [CORE\cake\libs\debugger.php, line 535]
2008-06-05 08:37:38 Debug: Notice (8): Undefined variable: page_heading in [APP\views\books\index.ctp, line 1]
2008-06-05 09:57:11 Debug: Notice (8): Undefined index:  User in [APP\controllers\users_controller.php, line 10]
2008-06-05 09:57:45 Debug: Notice (8): Undefined index:  User in [APP\controllers\users_controller.php, line 11]
2008-06-05 11:00:46 Debug: Notice (8): Undefined index:  User in [APP\controllers\users_controller.php, line 9]
2008-06-05 11:06:16 Debug: Notice (8): Undefined index:  User in [APP\controllers\users_controller.php, line 9]
2008-06-08 08:57:26 Debug: Notice (1024): Please change the value of 'Security.salt' in app/config/core.php to a salt value specific to your application in [CORE\cake\libs\debugger.php, line 535]
2008-06-08 11:39:17 Debug: Notice (8): Array to string conversion in [CORE\cake\libs\router.php, line 776]
2008-06-11 12:12:51 Debug: Notice (8): Undefined variable: books in [APP\app_controller.php, line 6]
2008-06-11 12:12:51 Debug: Notice (8): Undefined variable: page_heading in [APP\views\books\index.ctp, line 1]
2008-06-11 12:13:07 Debug: Notice (8): Undefined variable: books in [APP\app_controller.php, line 6]
2008-06-11 12:56:27 Debug: Notice (8): Undefined variable: array in [APP\controllers\components\util.php, line 6]
2008-06-11 12:56:27 Debug: Notice (8): Undefined variable: bookTitle in [APP\views\books\index.ctp, line 3]
2008-06-11 12:56:27 Debug: Notice (8): Undefined variable: author in [APP\views\books\index.ctp, line 4]
2008-06-11 12:56:27 Debug: Notice (8): Undefined variable: isbn in [APP\views\books\index.ctp, line 5]
2008-06-11 12:56:27 Debug: Notice (8): Undefined variable: releaseDate in [APP\views\books\index.ctp, line 6]
2008-06-11 12:57:12 Debug: Notice (8): Undefined variable: array in [APP\controllers\components\util.php, line 6]
2008-06-11 12:57:12 Debug: Notice (8): Undefined variable: bookTitle in [APP\views\books\index.ctp, line 3]
2008-06-11 12:57:12 Debug: Notice (8): Undefined variable: author in [APP\views\books\index.ctp, line 4]
2008-06-11 12:57:12 Debug: Notice (8): Undefined variable: isbn in [APP\views\books\index.ctp, line 5]
2008-06-11 12:57:12 Debug: Notice (8): Undefined variable: releaseDate in [APP\views\books\index.ctp, line 6]
2008-06-12 15:46:23 Debug: Notice (8): Undefined variable: array in [APP\controllers\components\util.php, line 6]
2008-06-12 15:46:24 Debug: Notice (8): Undefined variable: bookTitle in [APP\views\books\index.ctp, line 3]
2008-06-12 15:46:24 Debug: Notice (8): Undefined variable: author in [APP\views\books\index.ctp, line 4]
2008-06-12 15:46:24 Debug: Notice (8): Undefined variable: isbn in [APP\views\books\index.ctp, line 5]
2008-06-12 15:46:24 Debug: Notice (8): Undefined variable: releaseDate in [APP\views\books\index.ctp, line 6]
2008-06-12 15:46:24 Debug: Notice (8): Undefined variable: array in [APP\controllers\components\util.php, line 6]
2008-06-12 15:46:25 Debug: Notice (8): Undefined variable: bookTitle in [APP\views\books\index.ctp, line 3]
2008-06-12 15:46:25 Debug: Notice (8): Undefined variable: author in [APP\views\books\index.ctp, line 4]
2008-06-12 15:46:25 Debug: Notice (8): Undefined variable: isbn in [APP\views\books\index.ctp, line 5]
2008-06-12 15:46:25 Debug: Notice (8): Undefined variable: releaseDate in [APP\views\books\index.ctp, line 6]
2008-06-12 15:49:41 Debug: Notice (8): Undefined variable: array in [APP\controllers\components\util.php, line 6]
2008-06-12 15:49:41 Debug: Notice (8): Undefined variable: bookTitle in [APP\views\books\index.ctp, line 3]
2008-06-12 15:49:41 Debug: Notice (8): Undefined variable: author in [APP\views\books\index.ctp, line 4]
2008-06-12 15:49:41 Debug: Notice (8): Undefined variable: isbn in [APP\views\books\index.ctp, line 5]
2008-06-12 15:49:41 Debug: Notice (8): Undefined variable: releaseDate in [APP\views\books\index.ctp, line 6]
2008-06-12 15:51:52 Debug: Notice (8): Undefined variable: array in [APP\controllers\components\util.php, line 6]
2008-06-12 15:51:54 Debug: Notice (8): Undefined variable: array in [APP\controllers\components\util.php, line 6]
2008-06-13 10:00:33 Debug: Notice (1024): Please change the value of 'Security.salt' in app/config/core.php to a salt value specific to your application in [CORE\cake\libs\debugger.php, line 535]
